{"/Users/johnneed/Projects/appme-app/src/app.tsx": {"path":"/Users/johnneed/Projects/appme-app/src/app.tsx","statementMap":{"0":{"start":{"line":6,"column":0},"end":{"line":6,"column":24}},"1":{"start":{"line":1,"column":0},"end":{"line":1,"column":26}},"2":{"start":{"line":2,"column":0},"end":{"line":2,"column":49}},"3":{"start":{"line":3,"column":0},"end":{"line":3,"column":48}},"4":{"start":{"line":4,"column":0},"end":{"line":4,"column":44}},"5":{"start":{"line":7,"column":2},"end":{"line":12,"column":4}}},"fnMap":{"0":{"name":"App","decl":{"start":{"line":6,"column":24},"end":{"line":6,"column":27}},"loc":{"start":{"line":6,"column":27},"end":{"line":13,"column":1}}}},"branchMap":{},"s":{"0":1,"1":1,"2":1,"3":1,"4":1,"5":1},"f":{"0":1},"b":{}}
,"/Users/johnneed/Projects/appme-app/src/components/counter-card/counter-card.tsx": {"path":"/Users/johnneed/Projects/appme-app/src/components/counter-card/counter-card.tsx","statementMap":{"0":{"start":{"line":6,"column":0},"end":{"line":6,"column":24}},"1":{"start":{"line":1,"column":0},"end":{"line":1,"column":26}},"2":{"start":{"line":2,"column":0},"end":{"line":2,"column":77}},"3":{"start":{"line":3,"column":0},"end":{"line":3,"column":61}},"4":{"start":{"line":4,"column":0},"end":{"line":4,"column":76}},"5":{"start":{"line":7,"column":16},"end":{"line":7,"column":54}},"6":{"start":{"line":7,"column":38},"end":{"line":7,"column":53}},"7":{"start":{"line":8,"column":19},"end":{"line":8,"column":35}},"8":{"start":{"line":10,"column":2},"end":{"line":25,"column":4}},"9":{"start":{"line":16,"column":53},"end":{"line":16,"column":74}},"10":{"start":{"line":19,"column":52},"end":{"line":19,"column":73}}},"fnMap":{"0":{"name":"CounterCard","decl":{"start":{"line":6,"column":24},"end":{"line":6,"column":35}},"loc":{"start":{"line":6,"column":35},"end":{"line":26,"column":1}}},"1":{"name":"(anonymous_2)","decl":{"start":{"line":7,"column":31},"end":{"line":7,"column":32}},"loc":{"start":{"line":7,"column":38},"end":{"line":7,"column":53}}},"2":{"name":"(anonymous_3)","decl":{"start":{"line":16,"column":47},"end":{"line":16,"column":50}},"loc":{"start":{"line":16,"column":53},"end":{"line":16,"column":74}}},"3":{"name":"(anonymous_4)","decl":{"start":{"line":19,"column":46},"end":{"line":19,"column":49}},"loc":{"start":{"line":19,"column":52},"end":{"line":19,"column":73}}}},"branchMap":{},"s":{"0":1,"1":1,"2":1,"3":1,"4":1,"5":1,"6":2,"7":1,"8":1,"9":0,"10":0},"f":{"0":1,"1":2,"2":0,"3":0},"b":{}}
,"/Users/johnneed/Projects/appme-app/src/components/header/header.tsx": {"path":"/Users/johnneed/Projects/appme-app/src/components/header/header.tsx","statementMap":{"0":{"start":{"line":9,"column":0},"end":{"line":9,"column":24}},"1":{"start":{"line":1,"column":0},"end":{"line":1,"column":26}},"2":{"start":{"line":2,"column":0},"end":{"line":2,"column":80}},"3":{"start":{"line":3,"column":0},"end":{"line":3,"column":54}},"4":{"start":{"line":4,"column":0},"end":{"line":4,"column":48}},"5":{"start":{"line":5,"column":0},"end":{"line":5,"column":62}},"6":{"start":{"line":6,"column":0},"end":{"line":6,"column":62}},"7":{"start":{"line":7,"column":0},"end":{"line":7,"column":58}},"8":{"start":{"line":10,"column":31},"end":{"line":10,"column":45}},"9":{"start":{"line":12,"column":2},"end":{"line":34,"column":4}}},"fnMap":{"0":{"name":"Header","decl":{"start":{"line":9,"column":24},"end":{"line":9,"column":30}},"loc":{"start":{"line":9,"column":30},"end":{"line":35,"column":1}}}},"branchMap":{"0":{"loc":{"start":{"line":30,"column":11},"end":{"line":30,"column":70}},"type":"cond-expr","locations":[{"start":{"line":30,"column":29},"end":{"line":30,"column":48}},{"start":{"line":30,"column":51},"end":{"line":30,"column":70}}]}},"s":{"0":1,"1":1,"2":1,"3":1,"4":1,"5":1,"6":1,"7":1,"8":1,"9":1},"f":{"0":1},"b":{"0":[0,1]}}
,"/Users/johnneed/Projects/appme-app/src/features/counter/counter-slice.ts": {"path":"/Users/johnneed/Projects/appme-app/src/features/counter/counter-slice.ts","statementMap":{"0":{"start":{"line":1,"column":0},"end":{"line":1,"column":62}},"1":{"start":{"line":7,"column":35},"end":{"line":7,"column":47}},"2":{"start":{"line":9,"column":21},"end":{"line":23,"column":2}},"3":{"start":{"line":14,"column":6},"end":{"line":14,"column":23}},"4":{"start":{"line":17,"column":6},"end":{"line":17,"column":23}},"5":{"start":{"line":20,"column":6},"end":{"line":20,"column":36}},"6":{"start":{"line":25,"column":13},"end":{"line":25,"column":59}},"7":{"start":{"line":26,"column":0},"end":{"line":26,"column":36}}},"fnMap":{"0":{"name":"(anonymous_0)","decl":{"start":{"line":13,"column":4},"end":{"line":13,"column":13}},"loc":{"start":{"line":13,"column":19},"end":{"line":15,"column":5}}},"1":{"name":"(anonymous_1)","decl":{"start":{"line":16,"column":4},"end":{"line":16,"column":13}},"loc":{"start":{"line":16,"column":19},"end":{"line":18,"column":5}}},"2":{"name":"(anonymous_2)","decl":{"start":{"line":19,"column":4},"end":{"line":19,"column":21}},"loc":{"start":{"line":19,"column":58},"end":{"line":21,"column":5}}}},"branchMap":{},"s":{"0":1,"1":1,"2":1,"3":0,"4":0,"5":0,"6":1,"7":1},"f":{"0":0,"1":0,"2":0},"b":{}}
,"/Users/johnneed/Projects/appme-app/src/hooks/index.ts": {"path":"/Users/johnneed/Projects/appme-app/src/hooks/index.ts","statementMap":{"0":{"start":{"line":1,"column":0},"end":{"line":1,"column":77}},"1":{"start":{"line":4,"column":30},"end":{"line":4,"column":62}},"2":{"start":{"line":4,"column":36},"end":{"line":4,"column":62}},"3":{"start":{"line":4,"column":13},"end":{"line":4,"column":30}},"4":{"start":{"line":5,"column":13},"end":{"line":5,"column":75}}},"fnMap":{"0":{"name":"(anonymous_0)","decl":{"start":{"line":4,"column":30},"end":{"line":4,"column":33}},"loc":{"start":{"line":4,"column":36},"end":{"line":4,"column":62}}}},"branchMap":{},"s":{"0":1,"1":1,"2":1,"3":1,"4":1},"f":{"0":1},"b":{}}
,"/Users/johnneed/Projects/appme-app/src/pages/about-page.tsx": {"path":"/Users/johnneed/Projects/appme-app/src/pages/about-page.tsx","statementMap":{"0":{"start":{"line":4,"column":0},"end":{"line":4,"column":24}},"1":{"start":{"line":1,"column":0},"end":{"line":1,"column":25}},"2":{"start":{"line":2,"column":0},"end":{"line":2,"column":53}},"3":{"start":{"line":5,"column":2},"end":{"line":14,"column":null}}},"fnMap":{"0":{"name":"AboutPage","decl":{"start":{"line":4,"column":24},"end":{"line":4,"column":33}},"loc":{"start":{"line":4,"column":33},"end":{"line":15,"column":1}}}},"branchMap":{},"s":{"0":1,"1":1,"2":1,"3":0},"f":{"0":0},"b":{}}
,"/Users/johnneed/Projects/appme-app/src/pages/home-page.tsx": {"path":"/Users/johnneed/Projects/appme-app/src/pages/home-page.tsx","statementMap":{"0":{"start":{"line":5,"column":0},"end":{"line":5,"column":24}},"1":{"start":{"line":1,"column":0},"end":{"line":1,"column":26}},"2":{"start":{"line":2,"column":0},"end":{"line":2,"column":59}},"3":{"start":{"line":3,"column":0},"end":{"line":3,"column":66}},"4":{"start":{"line":6,"column":2},"end":{"line":18,"column":4}}},"fnMap":{"0":{"name":"HomePage","decl":{"start":{"line":5,"column":24},"end":{"line":5,"column":32}},"loc":{"start":{"line":5,"column":32},"end":{"line":19,"column":1}}}},"branchMap":{},"s":{"0":1,"1":1,"2":1,"3":1,"4":1},"f":{"0":1},"b":{}}
,"/Users/johnneed/Projects/appme-app/src/routes/app-router.tsx": {"path":"/Users/johnneed/Projects/appme-app/src/routes/app-router.tsx","statementMap":{"0":{"start":{"line":6,"column":0},"end":{"line":6,"column":24}},"1":{"start":{"line":1,"column":0},"end":{"line":1,"column":25}},"2":{"start":{"line":2,"column":0},"end":{"line":2,"column":48}},"3":{"start":{"line":3,"column":0},"end":{"line":3,"column":41}},"4":{"start":{"line":4,"column":0},"end":{"line":4,"column":43}},"5":{"start":{"line":7,"column":2},"end":{"line":12,"column":null}}},"fnMap":{"0":{"name":"AppRouter","decl":{"start":{"line":6,"column":24},"end":{"line":6,"column":33}},"loc":{"start":{"line":6,"column":33},"end":{"line":13,"column":1}}}},"branchMap":{},"s":{"0":1,"1":1,"2":1,"3":1,"4":1,"5":1},"f":{"0":1},"b":{}}
,"/Users/johnneed/Projects/appme-app/src/store/root-store.ts": {"path":"/Users/johnneed/Projects/appme-app/src/store/root-store.ts","statementMap":{"0":{"start":{"line":1,"column":0},"end":{"line":1,"column":50}},"1":{"start":{"line":2,"column":0},"end":{"line":2,"column":63}},"2":{"start":{"line":4,"column":13},"end":{"line":4,"column":78}}},"fnMap":{},"branchMap":{},"s":{"0":1,"1":1,"2":1},"f":{},"b":{}}
,"/Users/johnneed/Projects/appme-app/src/theme/theme-provider.tsx": {"path":"/Users/johnneed/Projects/appme-app/src/theme/theme-provider.tsx","statementMap":{"0":{"start":{"line":9,"column":0},"end":{"line":9,"column":16}},"1":{"start":{"line":15,"column":0},"end":{"line":15,"column":24}},"2":{"start":{"line":1,"column":0},"end":{"line":1,"column":76}},"3":{"start":{"line":2,"column":0},"end":{"line":2,"column":79}},"4":{"start":{"line":3,"column":0},"end":{"line":3,"column":31}},"5":{"start":{"line":7,"column":25},"end":{"line":7,"column":84}},"6":{"start":{"line":10,"column":14},"end":{"line":10,"column":42}},"7":{"start":{"line":11,"column":2},"end":{"line":11,"column":78}},"8":{"start":{"line":11,"column":12},"end":{"line":11,"column":78}},"9":{"start":{"line":12,"column":2},"end":{"line":12,"column":13}},"10":{"start":{"line":16,"column":26},"end":{"line":16,"column":56}},"11":{"start":{"line":17,"column":21},"end":{"line":17,"column":77}},"12":{"start":{"line":17,"column":27},"end":{"line":17,"column":77}},"13":{"start":{"line":17,"column":43},"end":{"line":17,"column":75}},"14":{"start":{"line":19,"column":16},"end":{"line":19,"column":53}},"15":{"start":{"line":19,"column":30},"end":{"line":19,"column":44}},"16":{"start":{"line":20,"column":16},"end":{"line":20,"column":61}},"17":{"start":{"line":20,"column":31},"end":{"line":20,"column":51}},"18":{"start":{"line":22,"column":2},"end":{"line":29,"column":4}}},"fnMap":{"0":{"name":"useColorMode","decl":{"start":{"line":9,"column":16},"end":{"line":9,"column":28}},"loc":{"start":{"line":9,"column":28},"end":{"line":13,"column":1}}},"1":{"name":"ThemeProvider","decl":{"start":{"line":15,"column":24},"end":{"line":15,"column":37}},"loc":{"start":{"line":15,"column":81},"end":{"line":30,"column":1}}},"2":{"name":"(anonymous_12)","decl":{"start":{"line":17,"column":21},"end":{"line":17,"column":24}},"loc":{"start":{"line":17,"column":27},"end":{"line":17,"column":77}}},"3":{"name":"(anonymous_13)","decl":{"start":{"line":17,"column":35},"end":{"line":17,"column":36}},"loc":{"start":{"line":17,"column":43},"end":{"line":17,"column":75}}},"4":{"name":"(anonymous_14)","decl":{"start":{"line":19,"column":24},"end":{"line":19,"column":27}},"loc":{"start":{"line":19,"column":30},"end":{"line":19,"column":44}}},"5":{"name":"(anonymous_15)","decl":{"start":{"line":20,"column":24},"end":{"line":20,"column":27}},"loc":{"start":{"line":20,"column":31},"end":{"line":20,"column":51}}}},"branchMap":{"0":{"loc":{"start":{"line":11,"column":2},"end":{"line":11,"column":78}},"type":"if","locations":[{"start":{"line":11,"column":2},"end":{"line":11,"column":78}}]},"1":{"loc":{"start":{"line":17,"column":43},"end":{"line":17,"column":75}},"type":"cond-expr","locations":[{"start":{"line":17,"column":59},"end":{"line":17,"column":65}},{"start":{"line":17,"column":68},"end":{"line":17,"column":75}}]}},"s":{"0":1,"1":1,"2":1,"3":1,"4":1,"5":1,"6":1,"7":1,"8":0,"9":1,"10":1,"11":1,"12":0,"13":0,"14":1,"15":1,"16":1,"17":1,"18":1},"f":{"0":1,"1":1,"2":0,"3":0,"4":1,"5":1},"b":{"0":[0],"1":[0,0]}}
,"/Users/johnneed/Projects/appme-app/src/theme/theme.ts": {"path":"/Users/johnneed/Projects/appme-app/src/theme/theme.ts","statementMap":{"0":{"start":{"line":4,"column":0},"end":{"line":4,"column":24}},"1":{"start":{"line":1,"column":0},"end":{"line":1,"column":51}},"2":{"start":{"line":5,"column":2},"end":{"line":39,"column":5}}},"fnMap":{"0":{"name":"getTheme","decl":{"start":{"line":4,"column":24},"end":{"line":4,"column":32}},"loc":{"start":{"line":4,"column":50},"end":{"line":40,"column":1}}}},"branchMap":{"0":{"loc":{"start":{"line":15,"column":17},"end":{"line":15,"column":56}},"type":"cond-expr","locations":[{"start":{"line":15,"column":35},"end":{"line":15,"column":44}},{"start":{"line":15,"column":47},"end":{"line":15,"column":56}}]},"1":{"loc":{"start":{"line":16,"column":15},"end":{"line":16,"column":54}},"type":"cond-expr","locations":[{"start":{"line":16,"column":33},"end":{"line":16,"column":42}},{"start":{"line":16,"column":45},"end":{"line":16,"column":54}}]},"2":{"loc":{"start":{"line":26,"column":29},"end":{"line":26,"column":68}},"type":"cond-expr","locations":[{"start":{"line":26,"column":47},"end":{"line":26,"column":56}},{"start":{"line":26,"column":59},"end":{"line":26,"column":68}}]},"3":{"loc":{"start":{"line":31,"column":19},"end":{"line":31,"column":58}},"type":"cond-expr","locations":[{"start":{"line":31,"column":37},"end":{"line":31,"column":46}},{"start":{"line":31,"column":49},"end":{"line":31,"column":58}}]}},"s":{"0":1,"1":1,"2":1},"f":{"0":1},"b":{"0":[0,1],"1":[0,1],"2":[0,1],"3":[0,1]}}
}
