TN:
SF:src/app.tsx
FN:6,App
FNF:1
FNH:1
FNDA:1,App
DA:1,1
DA:2,1
DA:3,1
DA:4,1
DA:6,1
DA:7,1
LF:6
LH:6
BRF:0
BRH:0
end_of_record
TN:
SF:src/components/counter-card/activities.tsx
FN:6,Activities
FN:7,(anonymous_2)
FN:16,(anonymous_3)
FN:19,(anonymous_4)
FNF:4
FNH:2
FNDA:1,Activities
FNDA:2,(anonymous_2)
FNDA:0,(anonymous_3)
FNDA:0,(anonymous_4)
DA:1,1
DA:2,1
DA:3,1
DA:4,1
DA:6,1
DA:7,2
DA:8,1
DA:10,1
DA:16,0
DA:19,0
LF:10
LH:8
BRF:0
BRH:0
end_of_record
TN:
SF:src/components/header/header.tsx
FN:9,Header
FNF:1
FNH:1
FNDA:1,Header
DA:1,1
DA:2,1
DA:3,1
DA:4,1
DA:5,1
DA:6,1
DA:7,1
DA:9,1
DA:10,1
DA:12,1
LF:10
LH:10
BRDA:30,0,0,0
BRDA:30,0,1,1
BRF:2
BRH:1
end_of_record
TN:
SF:src/features/counter/counter-slice.ts
FN:13,(anonymous_0)
FN:16,(anonymous_1)
FN:19,(anonymous_2)
FNF:3
FNH:0
FNDA:0,(anonymous_0)
FNDA:0,(anonymous_1)
FNDA:0,(anonymous_2)
DA:1,1
DA:7,1
DA:9,1
DA:14,0
DA:17,0
DA:20,0
DA:25,1
DA:26,1
LF:8
LH:5
BRF:0
BRH:0
end_of_record
TN:
SF:src/hooks/index.ts
FN:4,(anonymous_0)
FNF:1
FNH:1
FNDA:1,(anonymous_0)
DA:1,1
DA:4,1
DA:5,1
LF:3
LH:3
BRF:0
BRH:0
end_of_record
TN:
SF:src/pages/about-page.tsx
FN:4,AboutPage
FNF:1
FNH:0
FNDA:0,AboutPage
DA:1,1
DA:2,1
DA:4,1
DA:5,0
LF:4
LH:3
BRF:0
BRH:0
end_of_record
TN:
SF:src/pages/home-page.tsx
FN:5,HomePage
FNF:1
FNH:1
FNDA:1,HomePage
DA:1,1
DA:2,1
DA:3,1
DA:5,1
DA:6,1
LF:5
LH:5
BRF:0
BRH:0
end_of_record
TN:
SF:src/routes/app-router.tsx
FN:6,AppRouter
FNF:1
FNH:1
FNDA:1,AppRouter
DA:1,1
DA:2,1
DA:3,1
DA:4,1
DA:6,1
DA:7,1
LF:6
LH:6
BRF:0
BRH:0
end_of_record
TN:
SF:src/store/root-store.ts
FNF:0
FNH:0
DA:1,1
DA:2,1
DA:4,1
LF:3
LH:3
BRF:0
BRH:0
end_of_record
TN:
SF:src/theme/theme-provider.tsx
FN:9,useColorMode
FN:15,ThemeProvider
FN:17,(anonymous_12)
FN:17,(anonymous_13)
FN:19,(anonymous_14)
FN:20,(anonymous_15)
FNF:6
FNH:4
FNDA:1,useColorMode
FNDA:1,ThemeProvider
FNDA:0,(anonymous_12)
FNDA:0,(anonymous_13)
FNDA:1,(anonymous_14)
FNDA:1,(anonymous_15)
DA:1,1
DA:2,1
DA:3,1
DA:7,1
DA:9,1
DA:10,1
DA:11,1
DA:12,1
DA:15,1
DA:16,1
DA:17,1
DA:19,1
DA:20,1
DA:22,1
LF:14
LH:14
BRDA:11,0,0,0
BRDA:17,1,0,0
BRDA:17,1,1,0
BRF:3
BRH:0
end_of_record
TN:
SF:src/theme/theme.ts
FN:4,getTheme
FNF:1
FNH:1
FNDA:1,getTheme
DA:1,1
DA:4,1
DA:5,1
LF:3
LH:3
BRDA:15,0,0,0
BRDA:15,0,1,1
BRDA:16,1,0,0
BRDA:16,1,1,1
BRDA:26,2,0,0
BRDA:26,2,1,1
BRDA:31,3,0,0
BRDA:31,3,1,1
BRF:8
BRH:4
end_of_record
