TN:
SF:src/app.tsx
FN:12,App
FNF:1
FNH:1
FNDA:1,App
DA:1,1
DA:2,1
DA:3,1
DA:4,1
DA:5,1
DA:6,1
DA:7,1
DA:8,1
DA:9,1
DA:10,1
DA:12,1
DA:13,1
DA:15,1
LF:13
LH:13
BRDA:23,0,0,1
BRDA:23,0,1,0
BRF:2
BRH:1
end_of_record
TN:
SF:src/api/query-client.ts
FNF:0
FNH:0
DA:1,3
DA:3,3
LF:2
LH:2
BRF:0
BRH:0
end_of_record
TN:
SF:src/components/activities/activities.tsx
FN:17,Activities
FN:22,(anonymous_11)
FN:23,(anonymous_12)
FN:24,(anonymous_13)
FN:29,(anonymous_14)
FN:34,(anonymous_15)
FN:40,(anonymous_16)
FN:40,(anonymous_17)
FN:47,(anonymous_18)
FN:74,(anonymous_19)
FN:86,(anonymous_20)
FN:110,(anonymous_21)
FNF:12
FNH:0
FNDA:0,Activities
FNDA:0,(anonymous_11)
FNDA:0,(anonymous_12)
FNDA:0,(anonymous_13)
FNDA:0,(anonymous_14)
FNDA:0,(anonymous_15)
FNDA:0,(anonymous_16)
FNDA:0,(anonymous_17)
FNDA:0,(anonymous_18)
FNDA:0,(anonymous_19)
FNDA:0,(anonymous_20)
FNDA:0,(anonymous_21)
DA:1,1
DA:2,1
DA:3,1
DA:4,1
DA:5,1
DA:6,1
DA:7,1
DA:8,1
DA:17,1
DA:18,0
DA:19,0
DA:20,0
DA:21,0
DA:22,0
DA:23,0
DA:24,0
DA:25,0
DA:26,0
DA:29,0
DA:30,0
DA:31,0
DA:34,0
DA:35,0
DA:36,0
DA:40,0
DA:41,0
DA:42,0
DA:44,0
DA:47,0
DA:48,0
DA:49,0
DA:51,0
DA:54,0
DA:75,0
DA:86,0
DA:111,0
DA:113,0
DA:114,0
LF:38
LH:9
BRDA:41,0,0,0
BRDA:48,1,0,0
BRDA:48,2,0,0
BRDA:48,2,1,0
BRDA:83,3,0,0
BRDA:83,3,1,0
BRDA:106,4,0,0
BRDA:106,4,1,0
BRDA:107,5,0,0
BRDA:107,5,1,0
BRDA:107,5,2,0
BRDA:113,6,0,0
BRDA:113,7,0,0
BRDA:113,7,1,0
BRF:14
BRH:0
end_of_record
TN:
SF:src/components/add-activity-modal/add-activity-modal.tsx
FN:28,AddActivityModal
FN:44,(anonymous_11)
FN:52,(anonymous_12)
FN:59,(anonymous_13)
FN:66,(anonymous_14)
FN:110,(anonymous_15)
FN:118,(anonymous_16)
FN:129,(anonymous_17)
FN:136,(anonymous_18)
FN:148,(anonymous_19)
FN:149,(anonymous_20)
FN:150,(anonymous_21)
FN:151,(anonymous_22)
FN:152,(anonymous_23)
FN:153,(anonymous_24)
FN:154,(anonymous_25)
FN:155,(anonymous_26)
FN:163,(anonymous_27)
FNF:18
FNH:0
FNDA:0,AddActivityModal
FNDA:0,(anonymous_11)
FNDA:0,(anonymous_12)
FNDA:0,(anonymous_13)
FNDA:0,(anonymous_14)
FNDA:0,(anonymous_15)
FNDA:0,(anonymous_16)
FNDA:0,(anonymous_17)
FNDA:0,(anonymous_18)
FNDA:0,(anonymous_19)
FNDA:0,(anonymous_20)
FNDA:0,(anonymous_21)
FNDA:0,(anonymous_22)
FNDA:0,(anonymous_23)
FNDA:0,(anonymous_24)
FNDA:0,(anonymous_25)
FNDA:0,(anonymous_26)
FNDA:0,(anonymous_27)
DA:1,1
DA:2,1
DA:21,1
DA:28,1
DA:29,0
DA:30,0
DA:31,0
DA:32,0
DA:34,0
DA:35,0
DA:36,0
DA:37,0
DA:38,0
DA:39,0
DA:40,0
DA:41,0
DA:44,0
DA:45,0
DA:46,0
DA:47,0
DA:48,0
DA:52,0
DA:53,0
DA:54,0
DA:55,0
DA:59,0
DA:60,0
DA:61,0
DA:62,0
DA:66,0
DA:67,0
DA:69,0
DA:70,0
DA:71,0
DA:85,0
DA:89,0
DA:90,0
DA:92,0
DA:110,0
DA:118,0
DA:129,0
DA:136,0
DA:148,0
DA:149,0
DA:150,0
DA:151,0
DA:152,0
DA:153,0
DA:154,0
DA:155,0
DA:163,0
LF:51
LH:4
BRDA:46,0,0,0
BRDA:54,1,0,0
BRDA:61,2,0,0
BRDA:69,3,0,0
BRDA:69,3,1,0
BRDA:70,4,0,0
BRDA:70,5,0,0
BRDA:70,5,1,0
BRDA:70,5,2,0
BRDA:70,5,3,0
BRDA:72,6,0,0
BRDA:72,6,1,0
BRDA:74,7,0,0
BRDA:74,7,1,0
BRDA:75,8,0,0
BRDA:75,8,1,0
BRDA:89,9,0,0
BRDA:89,9,1,0
BRDA:90,10,0,0
BRDA:90,10,1,0
BRDA:90,10,2,0
BRDA:90,10,3,0
BRDA:129,11,0,0
BRDA:129,11,1,0
BRF:24
BRH:0
end_of_record
TN:
SF:src/components/confirm-activity-delete-dialog/confirm-activity-delete-dialog.tsx
FN:15,(anonymous_10)
FN:32,(anonymous_11)
FN:33,(anonymous_12)
FNF:3
FNH:0
FNDA:0,(anonymous_10)
FNDA:0,(anonymous_11)
FNDA:0,(anonymous_12)
DA:1,1
DA:2,1
DA:3,1
DA:4,1
DA:5,1
DA:6,1
DA:7,1
DA:15,1
DA:16,0
DA:32,0
DA:33,0
DA:43,1
LF:12
LH:9
BRF:0
BRH:0
end_of_record
TN:
SF:src/components/edit-activity-modal/edit-activity-modal.tsx
FN:28,EditActivityModal
FN:43,(anonymous_11)
FN:60,(anonymous_12)
FN:68,(anonymous_13)
FN:75,(anonymous_14)
FN:82,(anonymous_15)
FN:124,(anonymous_16)
FN:132,(anonymous_17)
FN:143,(anonymous_18)
FN:150,(anonymous_19)
FN:162,(anonymous_20)
FN:163,(anonymous_21)
FN:164,(anonymous_22)
FN:165,(anonymous_23)
FN:166,(anonymous_24)
FN:167,(anonymous_25)
FN:168,(anonymous_26)
FN:169,(anonymous_27)
FN:177,(anonymous_28)
FNF:19
FNH:0
FNDA:0,EditActivityModal
FNDA:0,(anonymous_11)
FNDA:0,(anonymous_12)
FNDA:0,(anonymous_13)
FNDA:0,(anonymous_14)
FNDA:0,(anonymous_15)
FNDA:0,(anonymous_16)
FNDA:0,(anonymous_17)
FNDA:0,(anonymous_18)
FNDA:0,(anonymous_19)
FNDA:0,(anonymous_20)
FNDA:0,(anonymous_21)
FNDA:0,(anonymous_22)
FNDA:0,(anonymous_23)
FNDA:0,(anonymous_24)
FNDA:0,(anonymous_25)
FNDA:0,(anonymous_26)
FNDA:0,(anonymous_27)
FNDA:0,(anonymous_28)
DA:1,1
DA:2,1
DA:20,1
DA:28,1
DA:29,0
DA:30,0
DA:31,0
DA:32,0
DA:34,0
DA:35,0
DA:36,0
DA:37,0
DA:38,0
DA:39,0
DA:40,0
DA:41,0
DA:43,0
DA:45,0
DA:46,0
DA:47,0
DA:48,0
DA:49,0
DA:50,0
DA:51,0
DA:52,0
DA:53,0
DA:54,0
DA:55,0
DA:56,0
DA:60,0
DA:61,0
DA:62,0
DA:63,0
DA:64,0
DA:68,0
DA:69,0
DA:70,0
DA:71,0
DA:75,0
DA:76,0
DA:77,0
DA:78,0
DA:82,0
DA:83,0
DA:84,0
DA:85,0
DA:86,0
DA:101,0
DA:104,0
DA:105,0
DA:107,0
DA:124,0
DA:132,0
DA:143,0
DA:150,0
DA:162,0
DA:163,0
DA:164,0
DA:165,0
DA:166,0
DA:167,0
DA:168,0
DA:169,0
DA:177,0
LF:64
LH:4
BRDA:29,0,0,0
BRDA:29,0,1,0
BRDA:30,1,0,0
BRDA:30,1,1,0
BRDA:31,2,0,0
BRDA:31,2,1,0
BRDA:32,3,0,0
BRDA:32,3,1,0
BRDA:45,4,0,0
BRDA:45,4,1,0
BRDA:46,5,0,0
BRDA:46,5,1,0
BRDA:47,6,0,0
BRDA:47,6,1,0
BRDA:48,7,0,0
BRDA:48,7,1,0
BRDA:62,8,0,0
BRDA:70,9,0,0
BRDA:77,10,0,0
BRDA:84,11,0,0
BRDA:84,11,1,0
BRDA:85,12,0,0
BRDA:85,13,0,0
BRDA:85,13,1,0
BRDA:85,13,2,0
BRDA:85,13,3,0
BRDA:88,14,0,0
BRDA:88,14,1,0
BRDA:90,15,0,0
BRDA:90,15,1,0
BRDA:91,16,0,0
BRDA:91,16,1,0
BRDA:104,17,0,0
BRDA:104,17,1,0
BRDA:105,18,0,0
BRDA:105,18,1,0
BRDA:105,18,2,0
BRDA:105,18,3,0
BRDA:143,19,0,0
BRDA:143,19,1,0
BRF:40
BRH:0
end_of_record
TN:
SF:src/components/header/header.tsx
FN:8,Header
FN:14,(anonymous_11)
FN:15,(anonymous_12)
FN:19,(anonymous_13)
FNF:4
FNH:2
FNDA:3,Header
FNDA:0,(anonymous_11)
FNDA:0,(anonymous_12)
FNDA:3,(anonymous_13)
DA:1,2
DA:2,2
DA:3,2
DA:4,2
DA:5,2
DA:6,2
DA:8,2
DA:9,3
DA:10,3
DA:11,3
DA:12,3
DA:14,3
DA:15,3
DA:17,3
DA:19,3
LF:15
LH:15
BRDA:25,0,0,3
BRDA:25,0,1,0
BRDA:27,1,0,3
BRDA:27,1,1,3
BRDA:29,2,0,3
BRDA:29,2,1,2
BRDA:34,3,0,3
BRDA:34,3,1,1
BRF:8
BRH:7
end_of_record
TN:
SF:src/components/left-nav-drawer/left-nav-drawer.tsx
FN:22,LeftNavDrawer
FN:28,(anonymous_11)
FN:62,(anonymous_12)
FNF:3
FNH:2
FNDA:3,LeftNavDrawer
FNDA:3,(anonymous_11)
FNDA:0,(anonymous_12)
DA:1,2
DA:2,2
DA:12,2
DA:13,2
DA:14,2
DA:22,2
DA:23,3
DA:24,3
DA:25,3
DA:28,3
DA:29,3
DA:30,0
DA:35,3
DA:63,0
DA:64,0
LF:15
LH:12
BRDA:29,0,0,0
BRDA:60,1,0,3
BRDA:60,1,1,3
BRF:3
BRH:2
end_of_record
TN:
SF:src/components/login-form/login-form.tsx
FN:8,LoginForm
FN:19,(anonymous_10)
FN:27,(anonymous_11)
FN:35,(anonymous_12)
FN:42,(anonymous_13)
FN:79,(anonymous_14)
FN:81,(anonymous_15)
FN:94,(anonymous_16)
FN:96,(anonymous_17)
FN:106,(anonymous_18)
FNF:10
FNH:0
FNDA:0,LoginForm
FNDA:0,(anonymous_10)
FNDA:0,(anonymous_11)
FNDA:0,(anonymous_12)
FNDA:0,(anonymous_13)
FNDA:0,(anonymous_14)
FNDA:0,(anonymous_15)
FNDA:0,(anonymous_16)
FNDA:0,(anonymous_17)
FNDA:0,(anonymous_18)
DA:1,1
DA:2,1
DA:3,1
DA:4,1
DA:5,1
DA:6,1
DA:8,1
DA:9,0
DA:10,0
DA:11,0
DA:12,0
DA:13,0
DA:14,0
DA:16,0
DA:19,0
DA:20,0
DA:21,0
DA:22,0
DA:23,0
DA:27,0
DA:28,0
DA:29,0
DA:35,0
DA:36,0
DA:37,0
DA:38,0
DA:42,0
DA:43,0
DA:46,0
DA:47,0
DA:48,0
DA:49,0
DA:51,0
DA:52,0
DA:55,0
DA:56,0
DA:59,0
DA:60,0
DA:62,0
DA:65,0
DA:68,0
DA:80,0
DA:81,0
DA:95,0
DA:96,0
DA:106,0
LF:46
LH:7
BRDA:20,0,0,0
BRDA:20,0,1,0
BRDA:21,1,0,0
BRDA:28,2,0,0
BRDA:29,3,0,0
BRDA:29,3,1,0
BRDA:36,4,0,0
BRDA:48,5,0,0
BRDA:48,6,0,0
BRDA:48,6,1,0
BRDA:51,7,0,0
BRDA:51,8,0,0
BRDA:51,8,1,0
BRDA:56,9,0,0
BRDA:59,10,0,0
BRDA:59,10,1,0
BRDA:81,11,0,0
BRDA:96,12,0,0
BRDA:112,13,0,0
BRDA:112,13,1,0
BRF:20
BRH:0
end_of_record
TN:
SF:src/components/notification-center/notification-center.tsx
FN:6,NotificationCenter
FN:8,(anonymous_2)
FN:12,(anonymous_3)
FN:17,(anonymous_4)
FN:20,(anonymous_5)
FNF:5
FNH:2
FNDA:1,NotificationCenter
FNDA:2,(anonymous_2)
FNDA:0,(anonymous_3)
FNDA:0,(anonymous_4)
FNDA:0,(anonymous_5)
DA:1,1
DA:2,1
DA:3,1
DA:4,1
DA:6,1
DA:7,1
DA:8,2
DA:10,1
DA:13,0
DA:17,0
DA:20,0
LF:11
LH:8
BRDA:20,0,0,0
BRDA:20,0,1,0
BRF:2
BRH:0
end_of_record
TN:
SF:src/components/time-entries/confirm-delete-dialog.tsx
FN:12,ConfirmDeleteDialog
FN:14,(anonymous_2)
FN:17,(anonymous_3)
FN:25,(anonymous_4)
FN:26,(anonymous_5)
FNF:5
FNH:1
FNDA:1,ConfirmDeleteDialog
FNDA:0,(anonymous_2)
FNDA:0,(anonymous_3)
FNDA:0,(anonymous_4)
FNDA:0,(anonymous_5)
DA:1,1
DA:2,1
DA:3,1
DA:4,1
DA:12,1
DA:13,1
DA:14,1
DA:16,1
DA:17,0
DA:25,0
DA:26,0
LF:11
LH:8
BRDA:14,0,0,0
BRDA:14,0,1,1
BRDA:14,1,0,0
BRDA:14,1,1,0
BRF:4
BRH:1
end_of_record
TN:
SF:src/components/time-entries/edit-time-entry-modal.tsx
FN:21,EditTimeEntryModal
FN:25,(anonymous_11)
FN:34,(anonymous_12)
FN:57,(anonymous_13)
FN:58,(anonymous_14)
FNF:5
FNH:0
FNDA:0,EditTimeEntryModal
FNDA:0,(anonymous_11)
FNDA:0,(anonymous_12)
FNDA:0,(anonymous_13)
FNDA:0,(anonymous_14)
DA:1,1
DA:2,1
DA:12,1
DA:21,1
DA:22,0
DA:23,0
DA:25,0
DA:26,0
DA:27,0
DA:28,0
DA:32,0
DA:34,0
DA:35,0
DA:36,0
DA:37,0
DA:43,0
DA:46,0
DA:57,0
DA:58,0
LF:19
LH:4
BRDA:26,0,0,0
BRDA:27,1,0,0
BRDA:27,1,1,0
BRDA:28,2,0,0
BRDA:28,2,1,0
BRDA:32,3,0,0
BRDA:32,3,1,0
BRDA:35,4,0,0
BRDA:36,5,0,0
BRDA:40,6,0,0
BRDA:40,6,1,0
BRDA:57,7,0,0
BRDA:57,7,1,0
BRF:13
BRH:0
end_of_record
TN:
SF:src/components/time-entries/time-entries.tsx
FN:22,(anonymous_10)
FN:37,(anonymous_11)
FN:44,(anonymous_12)
FN:45,(anonymous_13)
FN:46,(anonymous_14)
FN:52,(anonymous_15)
FN:66,(anonymous_16)
FN:68,(anonymous_17)
FN:69,(anonymous_18)
FN:69,(anonymous_19)
FN:72,(anonymous_20)
FN:75,(anonymous_21)
FN:82,(anonymous_22)
FN:93,(anonymous_23)
FN:101,(anonymous_24)
FN:102,(anonymous_25)
FN:103,(anonymous_26)
FN:103,(anonymous_27)
FN:108,(anonymous_28)
FN:110,(anonymous_29)
FN:124,(anonymous_30)
FN:124,(anonymous_31)
FN:134,(anonymous_32)
FN:135,(anonymous_33)
FN:139,(anonymous_34)
FN:153,(anonymous_35)
FN:165,(anonymous_36)
FN:170,(anonymous_37)
FN:171,(anonymous_38)
FNF:29
FNH:2
FNDA:1,(anonymous_10)
FNDA:0,(anonymous_11)
FNDA:0,(anonymous_12)
FNDA:0,(anonymous_13)
FNDA:0,(anonymous_14)
FNDA:0,(anonymous_15)
FNDA:0,(anonymous_16)
FNDA:0,(anonymous_17)
FNDA:0,(anonymous_18)
FNDA:0,(anonymous_19)
FNDA:1,(anonymous_20)
FNDA:0,(anonymous_21)
FNDA:0,(anonymous_22)
FNDA:0,(anonymous_23)
FNDA:0,(anonymous_24)
FNDA:0,(anonymous_25)
FNDA:0,(anonymous_26)
FNDA:0,(anonymous_27)
FNDA:0,(anonymous_28)
FNDA:0,(anonymous_29)
FNDA:0,(anonymous_30)
FNDA:0,(anonymous_31)
FNDA:0,(anonymous_32)
FNDA:0,(anonymous_33)
FNDA:0,(anonymous_34)
FNDA:0,(anonymous_35)
FNDA:0,(anonymous_36)
FNDA:0,(anonymous_37)
FNDA:0,(anonymous_38)
DA:1,1
DA:2,1
DA:13,1
DA:14,1
DA:15,1
DA:16,1
DA:22,1
DA:23,1
DA:24,1
DA:26,1
DA:27,1
DA:28,1
DA:29,1
DA:30,1
DA:32,1
DA:35,1
DA:38,0
DA:39,0
DA:41,0
DA:44,0
DA:45,0
DA:46,0
DA:50,1
DA:52,1
DA:53,0
DA:62,0
DA:66,1
DA:68,1
DA:69,1
DA:72,1
DA:73,1
DA:75,1
DA:76,1
DA:80,1
DA:82,1
DA:83,0
DA:84,0
DA:85,0
DA:91,0
DA:93,0
DA:94,0
DA:95,0
DA:96,0
DA:101,0
DA:102,0
DA:103,0
DA:104,0
DA:105,0
DA:107,0
DA:110,0
DA:111,0
DA:112,0
DA:113,0
DA:119,0
DA:120,0
DA:121,0
DA:124,1
DA:126,1
DA:134,0
DA:136,0
DA:140,0
DA:153,0
DA:165,0
DA:171,0
DA:172,0
DA:173,0
DA:174,0
DA:181,1
LF:68
LH:30
BRDA:39,0,0,0
BRDA:39,0,1,0
BRDA:54,1,0,0
BRDA:54,1,1,0
BRDA:60,2,0,0
BRDA:60,2,1,0
BRDA:66,3,0,0
BRDA:66,3,1,0
BRDA:73,4,0,1
BRDA:73,4,1,1
BRDA:73,4,2,1
BRDA:75,5,0,1
BRDA:75,5,1,0
BRDA:76,6,0,1
BRDA:80,7,0,1
BRDA:80,7,1,0
BRDA:80,7,2,0
BRDA:80,7,3,0
BRDA:80,7,4,0
BRDA:84,8,0,0
BRDA:88,9,0,0
BRDA:88,9,1,0
BRDA:101,10,0,0
BRDA:101,10,1,0
BRDA:104,11,0,0
BRDA:104,11,1,0
BRDA:104,11,2,0
BRDA:124,12,0,0
BRDA:124,12,1,0
BRDA:138,13,0,1
BRDA:138,13,1,0
BRDA:138,13,2,0
BRDA:142,14,0,1
BRDA:142,14,1,1
BRDA:142,14,2,1
BRDA:153,15,0,0
BRDA:153,15,1,0
BRDA:157,16,0,1
BRDA:157,16,1,0
BRDA:159,17,0,0
BRDA:159,17,1,1
BRF:41
BRH:12
end_of_record
TN:
SF:src/components/time-entries/time-entry-list.tsx
FN:17,TimeEntryList
FN:21,(anonymous_2)
FN:21,(anonymous_3)
FN:24,(anonymous_4)
FN:36,(anonymous_5)
FN:42,(anonymous_6)
FN:43,(anonymous_7)
FN:44,(anonymous_8)
FN:49,(anonymous_9)
FN:54,(anonymous_10)
FN:62,(anonymous_11)
FN:75,(anonymous_12)
FN:75,(anonymous_13)
FN:80,(anonymous_14)
FN:93,(anonymous_15)
FN:96,(anonymous_16)
FN:103,(anonymous_17)
FNF:17
FNH:2
FNDA:1,TimeEntryList
FNDA:0,(anonymous_2)
FNDA:0,(anonymous_3)
FNDA:1,(anonymous_4)
FNDA:0,(anonymous_5)
FNDA:0,(anonymous_6)
FNDA:0,(anonymous_7)
FNDA:0,(anonymous_8)
FNDA:0,(anonymous_9)
FNDA:0,(anonymous_10)
FNDA:0,(anonymous_11)
FNDA:0,(anonymous_12)
FNDA:0,(anonymous_13)
FNDA:0,(anonymous_14)
FNDA:0,(anonymous_15)
FNDA:0,(anonymous_16)
FNDA:0,(anonymous_17)
DA:1,1
DA:2,1
DA:3,1
DA:4,1
DA:5,1
DA:6,1
DA:7,1
DA:8,1
DA:9,1
DA:10,1
DA:17,1
DA:18,1
DA:19,1
DA:20,1
DA:21,1
DA:24,1
DA:25,1
DA:26,1
DA:27,1
DA:28,1
DA:29,1
DA:30,1
DA:33,1
DA:35,1
DA:36,1
DA:38,1
DA:39,1
DA:40,1
DA:42,1
DA:43,1
DA:44,1
DA:45,0
DA:46,0
DA:49,1
DA:50,0
DA:51,0
DA:54,1
DA:55,0
DA:56,0
DA:57,0
DA:58,0
DA:59,0
DA:61,0
DA:63,0
DA:67,0
DA:71,1
DA:75,0
DA:81,0
DA:93,0
DA:96,0
DA:103,0
LF:51
LH:34
BRDA:21,0,0,0
BRDA:21,0,1,0
BRDA:25,1,0,0
BRDA:36,2,0,0
BRDA:36,2,1,1
BRDA:56,3,0,0
BRDA:56,3,1,0
BRDA:56,4,0,0
BRDA:56,4,1,0
BRDA:63,5,0,0
BRDA:74,6,0,0
BRDA:74,6,1,1
BRDA:76,7,0,0
BRDA:76,7,1,1
BRDA:79,8,0,1
BRDA:79,8,1,1
BRDA:93,9,0,0
BRDA:93,9,1,0
BRDA:101,10,0,0
BRDA:101,10,1,0
BRDA:110,11,0,1
BRDA:110,11,1,0
BRF:22
BRH:6
end_of_record
TN:
SF:src/config/persist-keys.ts
FNF:0
FNH:0
DA:2,1
DA:3,1
LF:2
LH:2
BRF:0
BRH:0
end_of_record
TN:
SF:src/data-layer/add-activity.ts
FN:4,(anonymous_1)
FNF:1
FNH:0
FNDA:0,(anonymous_1)
DA:1,1
DA:4,1
DA:5,0
DA:6,0
DA:8,0
DA:9,0
DA:11,0
DA:17,0
DA:18,0
DA:19,0
DA:22,0
DA:23,0
DA:25,1
LF:13
LH:3
BRDA:9,0,0,0
BRDA:17,1,0,0
BRF:2
BRH:0
end_of_record
TN:
SF:src/data-layer/add-time-entry.ts
FN:4,(anonymous_1)
FNF:1
FNH:0
FNDA:0,(anonymous_1)
DA:1,1
DA:4,1
DA:5,0
DA:6,0
DA:8,0
DA:9,0
DA:11,0
DA:17,0
DA:18,0
DA:19,0
DA:22,0
DA:23,0
DA:25,1
LF:13
LH:3
BRDA:9,0,0,0
BRDA:17,1,0,0
BRF:2
BRH:0
end_of_record
TN:
SF:src/data-layer/auth.ts
FN:3,getApiBase
FN:38,parseJwtPayload
FN:57,(anonymous_3)
FNF:3
FNH:3
FNDA:3,getApiBase
FNDA:1,parseJwtPayload
FNDA:2,(anonymous_3)
DA:1,3
DA:5,3
DA:7,3
DA:8,0
DA:9,0
DA:10,0
DA:15,3
DA:17,3
DA:18,3
DA:19,3
DA:25,0
DA:27,0
DA:28,0
DA:29,0
DA:33,0
DA:36,3
DA:39,1
DA:40,1
DA:41,1
DA:42,1
DA:44,1
DA:46,1
DA:47,1
DA:48,1
DA:51,1
DA:53,0
DA:57,3
DA:58,2
DA:59,2
DA:65,2
DA:66,1
DA:67,1
DA:70,1
DA:71,1
DA:72,1
DA:73,0
DA:76,1
DA:77,1
DA:78,1
DA:79,0
DA:82,1
DA:83,1
DA:84,0
DA:87,1
DA:90,3
LF:45
LH:33
BRDA:9,0,0,0
BRDA:9,1,0,0
BRDA:9,1,1,0
BRDA:9,1,2,0
BRDA:17,2,0,3
BRDA:17,2,1,0
BRDA:18,3,0,3
BRDA:19,4,0,3
BRDA:19,4,1,3
BRDA:19,4,2,3
BRDA:28,5,0,0
BRDA:29,6,0,0
BRDA:41,7,0,0
BRDA:47,8,0,0
BRDA:47,8,1,1
BRDA:47,9,0,0
BRDA:47,9,1,1
BRDA:47,10,0,1
BRDA:47,10,1,0
BRDA:48,11,0,1
BRDA:48,11,1,0
BRDA:65,12,0,1
BRDA:71,13,0,0
BRDA:71,13,1,1
BRDA:71,14,0,1
BRDA:71,14,1,0
BRDA:71,14,2,0
BRDA:72,15,0,0
BRDA:77,16,0,1
BRDA:77,16,1,1
BRDA:77,16,2,0
BRDA:78,17,0,0
BRDA:78,18,0,1
BRDA:78,18,1,1
BRDA:83,19,0,0
BRF:35
BRH:16
end_of_record
TN:
SF:src/data-layer/delete-activity.ts
FN:5,(anonymous_1)
FNF:1
FNH:0
FNDA:0,(anonymous_1)
DA:1,1
DA:5,1
DA:6,0
DA:9,0
DA:10,0
DA:12,0
DA:13,0
DA:15,0
DA:17,0
DA:18,0
DA:19,0
DA:22,0
DA:25,1
LF:13
LH:3
BRDA:6,0,0,0
BRDA:6,1,0,0
BRDA:6,1,1,0
BRDA:17,2,0,0
BRF:4
BRH:0
end_of_record
TN:
SF:src/data-layer/delete-time-entry.ts
FN:3,(anonymous_1)
FNF:1
FNH:0
FNDA:0,(anonymous_1)
DA:1,1
DA:3,1
DA:4,0
DA:5,0
DA:6,0
DA:7,0
DA:8,0
DA:10,0
DA:11,0
DA:12,0
DA:13,0
DA:15,0
DA:18,1
LF:13
LH:3
BRDA:4,0,0,0
BRDA:8,1,0,0
BRDA:11,2,0,0
BRF:3
BRH:0
end_of_record
TN:
SF:src/data-layer/fetch-activities.ts
FN:3,(anonymous_1)
FNF:1
FNH:0
FNDA:0,(anonymous_1)
DA:1,3
DA:3,3
DA:6,0
DA:7,0
DA:9,0
DA:10,0
DA:12,0
DA:14,0
DA:15,0
DA:16,0
DA:17,0
DA:20,0
DA:21,0
DA:22,0
DA:25,0
DA:28,3
LF:16
LH:3
BRDA:10,0,0,0
BRDA:14,1,0,0
BRDA:15,2,0,0
BRDA:21,3,0,0
BRF:4
BRH:0
end_of_record
TN:
SF:src/data-layer/fetch-time-entries.ts
FN:3,(anonymous_1)
FNF:1
FNH:0
FNDA:0,(anonymous_1)
DA:1,2
DA:3,2
DA:4,0
DA:5,0
DA:7,0
DA:8,0
DA:10,0
DA:12,0
DA:13,0
DA:14,0
DA:15,0
DA:18,0
DA:19,0
DA:20,0
DA:23,2
LF:15
LH:3
BRDA:8,0,0,0
BRDA:12,1,0,0
BRDA:13,2,0,0
BRDA:19,3,0,0
BRF:4
BRH:0
end_of_record
TN:
SF:src/data-layer/fetch-user.ts
FN:6,(anonymous_1)
FNF:1
FNH:1
FNDA:1,(anonymous_1)
DA:1,3
DA:2,3
DA:4,3
DA:6,3
DA:7,1
DA:8,1
DA:10,1
DA:11,1
DA:12,0
DA:13,0
DA:16,1
DA:18,1
DA:21,3
LF:13
LH:11
BRDA:10,0,0,0
BRDA:11,1,0,0
BRF:2
BRH:0
end_of_record
TN:
SF:src/data-layer/patch-activity.ts
FN:3,(anonymous_1)
FNF:1
FNH:0
FNDA:0,(anonymous_1)
DA:1,1
DA:3,1
DA:4,0
DA:6,0
DA:7,0
DA:9,0
DA:10,0
DA:13,0
DA:14,0
DA:15,0
DA:16,0
DA:17,0
DA:21,0
DA:23,0
DA:25,0
DA:26,0
DA:27,0
DA:30,0
DA:31,0
DA:34,1
LF:20
LH:3
BRDA:4,0,0,0
BRDA:4,1,0,0
BRDA:4,1,1,0
BRDA:10,2,0,0
BRDA:15,3,0,0
BRDA:15,4,0,0
BRDA:15,4,1,0
BRDA:17,5,0,0
BRDA:25,6,0,0
BRF:9
BRH:0
end_of_record
TN:
SF:src/data-layer/patch-time-entry.ts
FN:3,(anonymous_1)
FNF:1
FNH:0
FNDA:0,(anonymous_1)
DA:1,1
DA:3,1
DA:4,0
DA:6,0
DA:7,0
DA:9,0
DA:10,0
DA:13,0
DA:14,0
DA:15,0
DA:16,0
DA:17,0
DA:19,0
DA:21,0
DA:22,0
DA:23,0
DA:24,0
DA:26,0
DA:27,0
DA:30,1
LF:20
LH:3
BRDA:4,0,0,0
BRDA:4,1,0,0
BRDA:4,1,1,0
BRDA:10,2,0,0
BRDA:15,3,0,0
BRDA:15,4,0,0
BRDA:15,4,1,0
BRDA:17,5,0,0
BRDA:22,6,0,0
BRF:9
BRH:0
end_of_record
TN:
SF:src/data-layer/update-user.ts
FN:5,(anonymous_1)
FN:44,(anonymous_2)
FN:48,(anonymous_3)
FNF:3
FNH:0
FNDA:0,(anonymous_1)
FNDA:0,(anonymous_2)
FNDA:0,(anonymous_3)
DA:1,1
DA:2,1
DA:5,1
DA:6,0
DA:8,0
DA:9,0
DA:11,0
DA:12,0
DA:15,0
DA:23,0
DA:29,0
DA:30,0
DA:31,0
DA:34,0
DA:35,0
DA:44,1
DA:47,0
DA:49,0
DA:56,1
LF:19
LH:5
BRDA:6,0,0,0
BRDA:6,1,0,0
BRDA:6,1,1,0
BRDA:12,2,0,0
BRDA:16,3,0,0
BRDA:16,3,1,0
BRDA:17,4,0,0
BRDA:17,4,1,0
BRDA:18,5,0,0
BRDA:18,5,1,0
BRDA:29,6,0,0
BRF:11
BRH:0
end_of_record
TN:
SF:src/factories/activity-factory.ts
FN:4,(anonymous_1)
FNF:1
FNH:1
FNDA:3,(anonymous_1)
DA:1,2
DA:2,2
DA:4,3
DA:22,2
LF:4
LH:4
BRDA:4,0,0,1
BRDA:5,1,0,1
BRDA:5,1,1,2
BRDA:6,2,0,1
BRDA:6,2,1,2
BRDA:7,3,0,1
BRDA:7,3,1,2
BRDA:8,4,0,1
BRDA:8,4,1,2
BRDA:9,5,0,1
BRDA:9,5,1,2
BRDA:9,6,0,3
BRDA:9,6,1,2
BRDA:12,7,0,0
BRDA:12,7,1,3
BRDA:13,8,0,0
BRDA:13,8,1,3
BRDA:14,9,0,0
BRDA:14,9,1,3
BRDA:15,10,0,0
BRDA:15,10,1,3
BRDA:16,11,0,0
BRDA:16,11,1,3
BRDA:17,12,0,0
BRDA:17,12,1,3
BRDA:18,13,0,0
BRDA:18,13,1,3
BRDA:19,14,0,0
BRDA:19,14,1,3
BRF:29
BRH:21
end_of_record
TN:
SF:src/factories/time-entry-factory.ts
FN:4,(anonymous_1)
FNF:1
FNH:1
FNDA:2,(anonymous_1)
DA:1,2
DA:2,2
DA:4,2
DA:5,2
DA:7,2
DA:17,2
LF:6
LH:6
BRDA:4,0,0,1
BRDA:8,1,0,1
BRDA:8,1,1,1
BRDA:9,2,0,1
BRDA:9,2,1,1
BRDA:10,3,0,1
BRDA:10,3,1,1
BRDA:11,4,0,1
BRDA:11,4,1,1
BRF:9
BRH:9
end_of_record
TN:
SF:src/factories/user-factory.ts
FN:4,(anonymous_1)
FNF:1
FNH:1
FNDA:5,(anonymous_1)
DA:1,4
DA:2,4
DA:4,5
DA:16,4
LF:4
LH:4
BRDA:4,0,0,1
BRDA:5,1,0,2
BRDA:5,1,1,3
BRDA:6,2,0,2
BRDA:6,2,1,3
BRDA:7,3,0,2
BRDA:7,3,1,3
BRDA:8,4,0,2
BRDA:8,4,1,3
BRDA:8,5,0,5
BRDA:8,5,1,4
BRDA:9,6,0,2
BRDA:9,6,1,3
BRDA:10,7,0,2
BRDA:10,7,1,3
BRDA:10,8,0,5
BRDA:10,8,1,4
BRDA:13,9,0,0
BRDA:13,9,1,5
BRF:19
BRH:18
end_of_record
TN:
SF:src/features/activities/activities-slice.ts
FN:20,(anonymous_1)
FN:23,(anonymous_2)
FN:26,(anonymous_3)
FN:29,(anonymous_4)
FN:32,(anonymous_5)
FN:35,(anonymous_6)
FN:38,(anonymous_7)
FN:40,(anonymous_8)
FN:49,(anonymous_9)
FN:52,(anonymous_10)
FN:54,(anonymous_11)
FN:58,(anonymous_12)
FN:58,(anonymous_13)
FN:65,(anonymous_14)
FNF:14
FNH:3
FNDA:0,(anonymous_1)
FNDA:0,(anonymous_2)
FNDA:0,(anonymous_3)
FNDA:0,(anonymous_4)
FNDA:0,(anonymous_5)
FNDA:0,(anonymous_6)
FNDA:0,(anonymous_7)
FNDA:0,(anonymous_8)
FNDA:6,(anonymous_9)
FNDA:0,(anonymous_10)
FNDA:0,(anonymous_11)
FNDA:1,(anonymous_12)
FNDA:1,(anonymous_13)
FNDA:0,(anonymous_14)
DA:1,3
DA:3,3
DA:4,3
DA:5,3
DA:6,3
DA:12,3
DA:16,3
DA:21,0
DA:24,0
DA:27,0
DA:29,0
DA:30,0
DA:33,0
DA:35,0
DA:36,0
DA:39,0
DA:40,0
DA:45,3
DA:46,3
DA:49,6
DA:52,3
DA:53,0
DA:54,0
DA:58,3
DA:59,1
DA:60,1
DA:61,1
DA:63,0
DA:65,0
DA:69,0
DA:71,0
DA:72,0
DA:76,0
DA:78,1
DA:79,1
DA:80,1
LF:36
LH:18
BRDA:21,0,0,0
BRDA:21,0,1,0
BRDA:35,1,0,0
BRDA:35,1,1,0
BRDA:49,2,0,6
BRDA:49,2,1,0
BRDA:53,3,0,0
BRDA:61,4,0,1
BRDA:61,4,1,0
BRDA:78,5,0,1
BRDA:78,5,1,0
BRF:11
BRH:3
end_of_record
TN:
SF:src/features/auth/auth-slice.ts
FN:31,(anonymous_0)
FN:36,(anonymous_1)
FN:41,(anonymous_2)
FN:45,(anonymous_3)
FNF:4
FNH:1
FNDA:2,(anonymous_0)
FNDA:0,(anonymous_1)
FNDA:0,(anonymous_2)
FNDA:0,(anonymous_3)
DA:1,3
DA:21,3
DA:27,3
DA:32,2
DA:33,2
DA:34,2
DA:37,0
DA:38,0
DA:39,0
DA:42,0
DA:43,0
DA:46,0
DA:47,0
DA:52,3
DA:53,3
LF:15
LH:8
BRDA:43,0,0,0
BRDA:43,0,1,0
BRDA:47,1,0,0
BRDA:47,1,1,0
BRF:4
BRH:0
end_of_record
TN:
SF:src/features/auth/auth-thunks.ts
FN:10,(anonymous_1)
FN:10,(anonymous_2)
FN:44,(anonymous_3)
FN:44,(anonymous_4)
FNF:4
FNH:2
FNDA:2,(anonymous_1)
FNDA:2,(anonymous_2)
FNDA:0,(anonymous_3)
FNDA:0,(anonymous_4)
DA:1,1
DA:2,1
DA:4,1
DA:6,1
DA:7,1
DA:8,1
DA:10,2
DA:11,2
DA:12,2
DA:15,1
DA:18,1
DA:21,1
DA:28,1
DA:30,1
DA:31,1
DA:36,1
DA:38,1
DA:39,1
DA:40,1
DA:44,1
DA:45,0
DA:46,0
DA:48,0
DA:53,0
DA:54,0
LF:25
LH:20
BRDA:38,0,0,1
BRDA:38,0,1,0
BRF:2
BRH:1
end_of_record
TN:
SF:src/features/counter/counter-slice.ts
FN:13,(anonymous_0)
FN:16,(anonymous_1)
FN:19,(anonymous_2)
FNF:3
FNH:0
FNDA:0,(anonymous_0)
FNDA:0,(anonymous_1)
FNDA:0,(anonymous_2)
DA:1,2
DA:7,2
DA:9,2
DA:14,0
DA:17,0
DA:20,0
DA:25,2
DA:26,2
LF:8
LH:5
BRF:0
BRH:0
end_of_record
TN:
SF:src/features/notification/notification-slice.ts
FN:21,(anonymous_0)
FN:24,(anonymous_1)
FN:25,(anonymous_2)
FN:27,(anonymous_3)
FNF:4
FNH:0
FNDA:0,(anonymous_0)
FNDA:0,(anonymous_1)
FNDA:0,(anonymous_2)
FNDA:0,(anonymous_3)
DA:1,3
DA:15,3
DA:17,3
DA:22,0
DA:25,0
DA:28,0
DA:33,3
DA:34,3
LF:8
LH:5
BRF:0
BRH:0
end_of_record
TN:
SF:src/features/preferences/preferences-slice.ts
FN:14,(anonymous_0)
FN:17,(anonymous_1)
FNF:2
FNH:0
FNDA:0,(anonymous_0)
FNDA:0,(anonymous_1)
DA:1,2
DA:8,2
DA:10,2
DA:15,0
DA:18,0
DA:23,2
DA:24,2
LF:7
LH:5
BRDA:18,0,0,0
BRDA:18,0,1,0
BRF:2
BRH:0
end_of_record
TN:
SF:src/features/time-entries/time-entries-slice.ts
FN:20,(anonymous_1)
FN:23,(anonymous_2)
FN:26,(anonymous_3)
FN:28,(anonymous_4)
FN:31,(anonymous_5)
FN:33,(anonymous_6)
FN:37,(anonymous_7)
FN:39,(anonymous_8)
FN:48,(anonymous_9)
FN:51,(anonymous_10)
FN:51,(anonymous_11)
FN:56,(anonymous_12)
FNF:12
FNH:0
FNDA:0,(anonymous_1)
FNDA:0,(anonymous_2)
FNDA:0,(anonymous_3)
FNDA:0,(anonymous_4)
FNDA:0,(anonymous_5)
FNDA:0,(anonymous_6)
FNDA:0,(anonymous_7)
FNDA:0,(anonymous_8)
FNDA:0,(anonymous_9)
FNDA:0,(anonymous_10)
FNDA:0,(anonymous_11)
FNDA:0,(anonymous_12)
DA:1,2
DA:3,2
DA:4,2
DA:5,2
DA:6,2
DA:12,2
DA:16,2
DA:21,0
DA:24,0
DA:27,0
DA:28,0
DA:29,0
DA:32,0
DA:33,0
DA:34,0
DA:38,0
DA:39,0
DA:44,2
DA:45,2
DA:48,2
DA:51,2
DA:52,0
DA:53,0
DA:54,0
DA:56,0
DA:58,0
DA:59,0
DA:60,0
DA:64,0
DA:66,0
DA:67,0
DA:68,0
LF:32
LH:11
BRDA:21,0,0,0
BRDA:21,0,1,0
BRDA:33,1,0,0
BRDA:33,1,1,0
BRDA:48,2,0,0
BRDA:48,2,1,0
BRDA:53,3,0,0
BRDA:53,3,1,0
BRDA:66,4,0,0
BRDA:66,4,1,0
BRF:10
BRH:0
end_of_record
TN:
SF:src/hooks/index.ts
FN:4,(anonymous_4)
FNF:1
FNH:1
FNDA:6,(anonymous_4)
DA:1,2
DA:4,6
DA:5,2
DA:7,2
DA:8,2
LF:5
LH:5
BRF:0
BRH:0
end_of_record
TN:
SF:src/hooks/use-add-activity.ts
FN:13,useAddActivity
FN:17,(anonymous_2)
FN:26,(anonymous_3)
FNF:3
FNH:0
FNDA:0,useAddActivity
FNDA:0,(anonymous_2)
FNDA:0,(anonymous_3)
DA:1,1
DA:3,1
DA:4,1
DA:5,1
DA:6,1
DA:13,1
DA:16,0
DA:19,0
DA:21,0
DA:22,0
DA:27,0
DA:29,0
DA:34,0
LF:13
LH:6
BRDA:19,0,0,0
BRDA:19,0,1,0
BRDA:21,1,0,0
BRDA:21,1,1,0
BRDA:34,2,0,0
BRDA:34,3,0,0
BRDA:34,3,1,0
BRF:7
BRH:0
end_of_record
TN:
SF:src/hooks/use-add-time-entry.ts
FN:13,useAddTimeEntry
FN:17,(anonymous_2)
FN:26,(anonymous_3)
FNF:3
FNH:1
FNDA:1,useAddTimeEntry
FNDA:0,(anonymous_2)
FNDA:0,(anonymous_3)
DA:1,1
DA:3,1
DA:4,1
DA:5,1
DA:6,1
DA:13,1
DA:16,1
DA:19,0
DA:21,0
DA:22,0
DA:27,0
DA:29,0
DA:34,0
LF:13
LH:7
BRDA:19,0,0,0
BRDA:19,0,1,0
BRDA:21,1,0,0
BRDA:21,1,1,0
BRDA:34,2,0,0
BRDA:34,3,0,0
BRDA:34,3,1,0
BRF:7
BRH:0
end_of_record
TN:
SF:src/hooks/use-auth.ts
FN:6,useAuth
FN:8,(anonymous_1)
FN:10,(anonymous_2)
FN:14,(anonymous_3)
FN:18,(anonymous_4)
FN:22,(anonymous_5)
FN:29,useIsAuthenticated
FN:30,(anonymous_7)
FN:33,useCurrentUser
FN:34,(anonymous_9)
FN:37,useJwt
FN:38,(anonymous_11)
FNF:12
FNH:6
FNDA:3,useAuth
FNDA:5,(anonymous_1)
FNDA:0,(anonymous_2)
FNDA:0,(anonymous_3)
FNDA:0,(anonymous_4)
FNDA:0,(anonymous_5)
FNDA:8,useIsAuthenticated
FNDA:14,(anonymous_7)
FNDA:3,useCurrentUser
FNDA:5,(anonymous_9)
FNDA:0,useJwt
FNDA:0,(anonymous_11)
DA:1,2
DA:2,2
DA:3,2
DA:6,2
DA:7,3
DA:8,5
DA:10,3
DA:11,0
DA:14,3
DA:15,0
DA:18,3
DA:19,0
DA:22,3
DA:23,0
DA:26,3
DA:29,2
DA:30,14
DA:33,2
DA:34,5
DA:37,2
DA:38,0
LF:21
LH:16
BRDA:34,0,0,5
BRDA:34,0,1,0
BRDA:38,1,0,0
BRDA:38,1,1,0
BRF:4
BRH:1
end_of_record
TN:
SF:src/hooks/use-delete-activity.ts
FN:9,(anonymous_1)
FN:15,(anonymous_2)
FN:21,(anonymous_3)
FNF:3
FNH:0
FNDA:0,(anonymous_1)
FNDA:0,(anonymous_2)
FNDA:0,(anonymous_3)
DA:1,1
DA:2,1
DA:3,1
DA:4,1
DA:5,1
DA:9,1
DA:12,0
DA:14,0
DA:16,0
DA:17,0
DA:22,0
DA:24,0
DA:28,0
DA:34,1
LF:14
LH:7
BRDA:16,0,0,0
BRDA:16,0,1,0
BRDA:28,1,0,0
BRDA:28,2,0,0
BRDA:28,2,1,0
BRF:5
BRH:0
end_of_record
TN:
SF:src/hooks/use-delete-time-entry.ts
FN:9,(anonymous_1)
FN:15,(anonymous_2)
FN:21,(anonymous_3)
FNF:3
FNH:1
FNDA:1,(anonymous_1)
FNDA:0,(anonymous_2)
FNDA:0,(anonymous_3)
DA:1,1
DA:2,1
DA:3,1
DA:4,1
DA:5,1
DA:9,1
DA:12,1
DA:14,1
DA:16,0
DA:17,0
DA:22,0
DA:23,0
DA:27,0
DA:33,1
LF:14
LH:9
BRDA:16,0,0,0
BRDA:16,0,1,0
BRDA:27,1,0,0
BRDA:27,2,0,0
BRDA:27,2,1,0
BRF:5
BRH:0
end_of_record
TN:
SF:src/hooks/use-login.ts
FN:10,useLogin
FN:13,(anonymous_2)
FN:16,(anonymous_3)
FN:49,(anonymous_4)
FN:55,(anonymous_5)
FNF:5
FNH:0
FNDA:0,useLogin
FNDA:0,(anonymous_2)
FNDA:0,(anonymous_3)
FNDA:0,(anonymous_4)
FNDA:0,(anonymous_5)
DA:1,2
DA:2,2
DA:3,2
DA:4,2
DA:5,2
DA:6,2
DA:7,2
DA:8,2
DA:10,2
DA:11,0
DA:13,0
DA:14,0
DA:18,0
DA:19,0
DA:20,0
DA:22,0
DA:32,0
DA:35,0
DA:36,0
DA:40,0
DA:41,0
DA:46,0
DA:50,0
DA:51,0
DA:55,0
DA:57,0
LF:26
LH:9
BRDA:19,0,0,0
BRDA:19,0,1,0
BRDA:20,1,0,0
BRDA:20,1,1,0
BRDA:50,2,0,0
BRDA:50,2,1,0
BRF:6
BRH:0
end_of_record
TN:
SF:src/hooks/use-update-activity.ts
FN:9,(anonymous_1)
FN:15,(anonymous_2)
FN:21,(anonymous_3)
FNF:3
FNH:0
FNDA:0,(anonymous_1)
FNDA:0,(anonymous_2)
FNDA:0,(anonymous_3)
DA:1,1
DA:2,1
DA:3,1
DA:4,1
DA:5,1
DA:9,1
DA:12,0
DA:14,0
DA:16,0
DA:17,0
DA:22,0
DA:24,0
DA:28,0
DA:34,1
LF:14
LH:7
BRDA:16,0,0,0
BRDA:16,0,1,0
BRDA:28,1,0,0
BRDA:28,2,0,0
BRDA:28,2,1,0
BRF:5
BRH:0
end_of_record
TN:
SF:src/hooks/use-update-time-entry.ts
FN:9,(anonymous_1)
FN:15,(anonymous_2)
FN:21,(anonymous_3)
FNF:3
FNH:1
FNDA:1,(anonymous_1)
FNDA:0,(anonymous_2)
FNDA:0,(anonymous_3)
DA:1,1
DA:2,1
DA:3,1
DA:4,1
DA:5,1
DA:9,1
DA:12,1
DA:14,1
DA:16,0
DA:17,0
DA:22,0
DA:23,0
DA:27,0
DA:33,1
LF:14
LH:9
BRDA:16,0,0,0
BRDA:16,0,1,0
BRDA:27,1,0,0
BRDA:27,2,0,0
BRDA:27,2,1,0
BRF:5
BRH:0
end_of_record
TN:
SF:src/pages/activities-page.tsx
FN:10,ActivitiesPage
FN:17,(anonymous_11)
FN:21,(anonymous_12)
FN:25,(anonymous_13)
FNF:4
FNH:0
FNDA:0,ActivitiesPage
FNDA:0,(anonymous_11)
FNDA:0,(anonymous_12)
FNDA:0,(anonymous_13)
DA:1,1
DA:2,1
DA:3,1
DA:4,1
DA:5,1
DA:6,1
DA:7,1
DA:8,1
DA:10,1
DA:11,0
DA:13,0
DA:14,0
DA:15,0
DA:17,0
DA:18,0
DA:21,0
DA:22,0
DA:25,0
DA:26,0
DA:29,0
LF:20
LH:9
BRF:0
BRH:0
end_of_record
TN:
SF:src/pages/dashboard-page.tsx
FN:4,DashboardPage
FNF:1
FNH:0
FNDA:0,DashboardPage
DA:1,1
DA:2,1
DA:4,1
DA:5,0
LF:4
LH:3
BRF:0
BRH:0
end_of_record
TN:
SF:src/pages/home-page.tsx
FN:6,HomePage
FN:7,(anonymous_2)
FNF:2
FNH:2
FNDA:1,HomePage
FNDA:2,(anonymous_2)
DA:1,1
DA:2,1
DA:3,1
DA:4,1
DA:6,1
DA:7,2
DA:8,1
LF:7
LH:7
BRDA:7,0,0,2
BRDA:7,0,1,0
BRF:2
BRH:1
end_of_record
TN:
SF:src/pages/preferences-page.tsx
FN:21,PreferencesPage
FN:34,(anonymous_11)
FN:50,(anonymous_12)
FN:57,(anonymous_13)
FN:70,(anonymous_14)
FN:108,(anonymous_15)
FN:116,(anonymous_16)
FN:129,(anonymous_17)
FNF:8
FNH:0
FNDA:0,PreferencesPage
FNDA:0,(anonymous_11)
FNDA:0,(anonymous_12)
FNDA:0,(anonymous_13)
FNDA:0,(anonymous_14)
FNDA:0,(anonymous_15)
FNDA:0,(anonymous_16)
FNDA:0,(anonymous_17)
DA:1,1
DA:2,1
DA:14,1
DA:15,1
DA:16,1
DA:17,1
DA:19,1
DA:21,1
DA:22,0
DA:23,0
DA:24,0
DA:25,0
DA:27,0
DA:28,0
DA:29,0
DA:30,0
DA:31,0
DA:32,0
DA:33,0
DA:35,0
DA:45,0
DA:46,0
DA:47,0
DA:48,0
DA:51,0
DA:52,0
DA:53,0
DA:57,0
DA:58,0
DA:59,0
DA:60,0
DA:61,0
DA:67,0
DA:70,0
DA:71,0
DA:72,0
DA:73,0
DA:74,0
DA:75,0
DA:76,0
DA:79,0
DA:108,0
DA:116,0
DA:129,0
LF:44
LH:8
BRDA:27,0,0,0
BRDA:27,0,1,0
BRDA:28,1,0,0
BRDA:28,1,1,0
BRDA:29,2,0,0
BRDA:29,2,1,0
BRDA:36,3,0,0
BRDA:36,3,1,0
BRDA:51,4,0,0
BRDA:51,4,1,0
BRDA:67,5,0,0
BRDA:67,5,1,0
BRDA:71,6,0,0
BRDA:72,7,0,0
BRDA:72,7,1,0
BRDA:73,8,0,0
BRDA:73,8,1,0
BRDA:74,9,0,0
BRDA:74,9,1,0
BRDA:91,10,0,0
BRDA:91,10,1,0
BRDA:95,11,0,0
BRDA:95,11,1,0
BRDA:101,12,0,0
BRDA:101,12,1,0
BRDA:137,13,0,0
BRDA:137,13,1,0
BRDA:140,14,0,0
BRDA:140,14,1,0
BRF:29
BRH:0
end_of_record
TN:
SF:src/routes/app-router.tsx
FN:10,AppRouter
FNF:1
FNH:1
FNDA:1,AppRouter
DA:1,1
DA:2,1
DA:3,1
DA:4,1
DA:5,1
DA:6,1
DA:7,1
DA:8,1
DA:10,1
DA:11,1
DA:13,1
LF:11
LH:11
BRDA:21,0,0,1
BRDA:21,0,1,0
BRF:2
BRH:1
end_of_record
TN:
SF:src/store/root-store.ts
FN:31,(anonymous_1)
FNF:1
FNH:1
FNDA:2,(anonymous_1)
DA:1,2
DA:2,2
DA:3,2
DA:4,2
DA:5,2
DA:6,2
DA:7,2
DA:9,2
DA:10,2
DA:12,2
DA:21,2
DA:27,2
DA:29,2
DA:32,2
DA:40,2
LF:15
LH:15
BRF:0
BRH:0
end_of_record
TN:
SF:src/theme/theme-provider.tsx
FN:12,useColorMode
FN:18,ThemeProvider
FN:20,(anonymous_12)
FN:22,(anonymous_13)
FN:23,(anonymous_14)
FN:25,(anonymous_15)
FN:26,(anonymous_16)
FNF:7
FNH:4
FNDA:0,useColorMode
FNDA:2,ThemeProvider
FNDA:4,(anonymous_12)
FNDA:0,(anonymous_13)
FNDA:0,(anonymous_14)
FNDA:2,(anonymous_15)
FNDA:2,(anonymous_16)
DA:1,2
DA:2,2
DA:3,2
DA:5,2
DA:7,2
DA:10,2
DA:12,2
DA:13,0
DA:14,0
DA:15,0
DA:18,2
DA:19,2
DA:20,4
DA:22,2
DA:23,2
DA:25,2
DA:26,2
DA:28,2
LF:18
LH:15
BRDA:14,0,0,0
BRDA:20,1,0,4
BRDA:20,1,1,0
BRF:3
BRH:1
end_of_record
TN:
SF:src/theme/theme.ts
FN:4,getTheme
FNF:1
FNH:1
FNDA:2,getTheme
DA:1,2
DA:4,2
DA:5,2
LF:3
LH:3
BRDA:15,0,0,0
BRDA:15,0,1,2
BRDA:16,1,0,0
BRDA:16,1,1,2
BRDA:26,2,0,0
BRDA:26,2,1,2
BRDA:31,3,0,0
BRDA:31,3,1,2
BRF:8
BRH:4
end_of_record
TN:
SF:src/utils/generate-uuid.ts
FN:3,generateUUID
FN:13,(anonymous_1)
FNF:2
FNH:2
FNDA:6,generateUUID
FNDA:186,(anonymous_1)
DA:3,6
DA:4,6
DA:6,6
DA:7,6
DA:13,6
DA:14,186
DA:15,186
DA:16,186
LF:8
LH:8
BRDA:7,0,0,0
BRDA:7,1,0,6
BRDA:7,1,1,0
BRDA:15,2,0,180
BRDA:15,2,1,6
BRF:5
BRH:3
end_of_record
TN:
SF:src/utils/get-api-base.ts
FN:1,getApiBase
FNF:1
FNH:1
FNDA:3,getApiBase
DA:2,3
DA:4,3
DA:5,0
DA:6,0
DA:7,0
DA:12,3
DA:14,3
DA:15,3
DA:16,3
DA:21,0
DA:23,0
DA:24,0
DA:25,0
DA:29,0
DA:32,3
LF:15
LH:7
BRDA:6,0,0,0
BRDA:6,1,0,0
BRDA:6,1,1,0
BRDA:6,1,2,0
BRDA:14,2,0,3
BRDA:14,2,1,0
BRDA:15,3,0,3
BRDA:16,4,0,3
BRDA:16,4,1,3
BRDA:16,4,2,3
BRDA:24,5,0,0
BRDA:25,6,0,0
BRF:12
BRH:5
end_of_record
TN:
SF:src/utils/sort-by-created.ts
FN:2,sortMostRecentFirst
FN:4,(anonymous_1)
FNF:2
FNH:0
FNDA:0,sortMostRecentFirst
FNDA:0,(anonymous_1)
DA:2,3
DA:3,0
DA:4,0
DA:5,0
DA:6,0
DA:7,0
LF:6
LH:1
BRDA:3,0,0,0
BRDA:3,1,0,0
BRDA:3,1,1,0
BRDA:5,2,0,0
BRDA:5,2,1,0
BRDA:6,3,0,0
BRDA:6,3,1,0
BRF:7
BRH:0
end_of_record
TN:
SF:src/utils/to-iso.ts
FN:2,toIso
FNF:1
FNH:1
FNDA:26,toIso
DA:2,7
DA:4,26
DA:5,25
DA:6,11
DA:7,3
DA:8,3
DA:10,0
DA:11,0
DA:12,0
DA:14,8
DA:15,7
DA:17,1
DA:18,1
DA:20,0
LF:14
LH:10
BRDA:4,0,0,1
BRDA:5,1,0,14
BRDA:5,2,0,25
BRDA:5,2,1,12
BRDA:6,3,0,3
BRDA:8,4,0,3
BRDA:11,5,0,0
BRDA:14,6,0,7
BRDA:17,7,0,1
BRF:9
BRH:8
end_of_record
